<?xml version="1.0" encoding="UTF-8"?>
<!-- Generated by org.testng.reporters.JUnitReportReporter -->
<testsuite hostname="DESKTOP-ECUBRGD" failures="0" tests="2" name="runFailedTestCases.runFailedTestcase1" time="0.031" errors="0" timestamp="13 Aug 2020 10:44:20 GMT">
  <testcase classname="runFailedTestCases.runFailedTestcase1" name="testcase2" time="0.005"/>
  <testcase classname="runFailedTestCases.runFailedTestcase1" name="testcase1" time="0.026"/>
</testsuite> <!-- runFailedTestCases.runFailedTestcase1 -->
