<?xml version="1.0" encoding="UTF-8"?>
<!-- Generated by org.testng.reporters.JUnitReportReporter -->
<testsuite hostname="DESKTOP-ECUBRGD" failures="0" tests="1" name="Annotataions.Before_After_Test" time="0.020" errors="0" timestamp="10 Aug 2020 13:24:42 GMT">
  <testcase classname="Annotataions.Before_After_Test" name="tc1" time="0.020"/>
</testsuite> <!-- Annotataions.Before_After_Test -->
