<?xml version="1.0" encoding="UTF-8"?>
<!-- Generated by org.testng.reporters.JUnitReportReporter -->
<testsuite hostname="DESKTOP-ECUBRGD" failures="0" tests="3" name="group_tesing.GroupTesting_Demo2" time="0.020" errors="0" timestamp="29 Aug 2020 07:50:02 GMT">
  <testcase classname="group_tesing.GroupTesting_Demo2" name="testcase2" time="0.000"/>
  <testcase classname="group_tesing.GroupTesting_Demo2" name="testcase3" time="0.000"/>
  <testcase classname="group_tesing.GroupTesting_Demo2" name="testcase1" time="0.020"/>
</testsuite> <!-- group_tesing.GroupTesting_Demo2 -->
