<?xml version="1.0" encoding="UTF-8"?>
<!-- Generated by org.testng.reporters.JUnitReportReporter -->
<testsuite hostname="DESKTOP-ECUBRGD" failures="0" tests="2" name="Annotataions.Annotations1" time="17.761" errors="0" timestamp="10 Aug 2020 13:24:41 GMT">
  <testcase classname="Annotataions.Annotations1" name="login" time="11.875"/>
  <testcase classname="Annotataions.Annotations1" name="Title" time="5.886"/>
</testsuite> <!-- Annotataions.Annotations1 -->
