<?xml version="1.0" encoding="UTF-8"?>
<!-- Generated by org.testng.reporters.JUnitReportReporter -->
<testsuite hostname="DESKTOP-ECUBRGD" failures="0" tests="3" name="Packages1.dataProvider" time="25.449" errors="0" timestamp="11 Aug 2020 15:57:03 GMT">
  <testcase classname="Packages1.dataProvider" name="login" time="9.183"/>
  <testcase classname="Packages1.dataProvider" name="login" time="8.912"/>
  <testcase classname="Packages1.dataProvider" name="login" time="7.354"/>
</testsuite> <!-- Packages1.dataProvider -->
