<?xml version="1.0" encoding="UTF-8"?>
<!-- Generated by org.testng.reporters.JUnitReportReporter -->
<testsuite hostname="DESKTOP-ECUBRGD" failures="0" tests="2" name="group_tesing.GroupDemoTest1" time="0.025" errors="0" timestamp="21 Aug 2020 06:12:58 GMT">
  <testcase classname="group_tesing.GroupDemoTest1" name="test3" time="0.005"/>
  <testcase classname="group_tesing.GroupDemoTest1" name="test2" time="0.020"/>
</testsuite> <!-- group_tesing.GroupDemoTest1 -->
