<?xml version="1.0" encoding="UTF-8"?>
<!-- Generated by org.testng.reporters.JUnitReportReporter -->
<testsuite hostname="DESKTOP-ECUBRGD" failures="0" tests="1" name="DownLoad_Options.Using_RobotClass" time="21.264" errors="0" timestamp="16 Aug 2020 07:23:39 GMT">
  <testcase classname="DownLoad_Options.Using_RobotClass" name="testException1" time="21.264"/>
</testsuite> <!-- DownLoad_Options.Using_RobotClass -->
