<?xml version="1.0" encoding="UTF-8"?>
<!-- Generated by org.testng.reporters.JUnitReportReporter -->
<testsuite hostname="DESKTOP-ECUBRGD" failures="0" tests="4" name="Annotataions.ApplyAnnotation" time="5.005" errors="0" timestamp="10 Aug 2020 13:24:42 GMT">
  <testcase classname="Annotataions.ApplyAnnotation" name="LaunchBrowser" time="1.474"/>
  <testcase classname="Annotataions.ApplyAnnotation" name="currURL" time="0.023"/>
  <testcase classname="Annotataions.ApplyAnnotation" name="Login" time="3.488"/>
  <testcase classname="Annotataions.ApplyAnnotation" name="titleTest" time="0.020"/>
</testsuite> <!-- Annotataions.ApplyAnnotation -->
