<?xml version="1.0" encoding="UTF-8"?>
<!-- Generated by org.testng.reporters.JUnitReportReporter -->
<testsuite hostname="DESKTOP-ECUBRGD" failures="0" tests="2" name="PrallelDemos.parallelDemoTest1" time="51.685" errors="0" timestamp="13 Aug 2020 07:33:32 GMT">
  <testcase classname="PrallelDemos.parallelDemoTest1" name="testcase1" time="26.956"/>
  <testcase classname="PrallelDemos.parallelDemoTest1" name="testcase2" time="24.729"/>
</testsuite> <!-- PrallelDemos.parallelDemoTest1 -->
