<?xml version="1.0" encoding="UTF-8"?>
<!-- Generated by org.testng.reporters.JUnitReportReporter -->
<testsuite hostname="DESKTOP-ECUBRGD" failures="0" tests="1" name="PrallelDemos.parallelDemoTest2" time="0.026" errors="0" timestamp="29 Aug 2020 09:22:31 GMT">
  <testcase classname="PrallelDemos.parallelDemoTest2" name="testcaseb" time="0.026"/>
</testsuite> <!-- PrallelDemos.parallelDemoTest2 -->
