<?xml version="1.0" encoding="UTF-8"?>
<!-- Generated by org.testng.reporters.JUnitReportReporter -->
<testsuite hostname="DESKTOP-ECUBRGD" failures="0" tests="3" name="CrossBrowsingTesting.crossbrowserDemo" time="114.901" errors="0" timestamp="4 Sep 2020 14:28:44 GMT">
  <testcase classname="CrossBrowsingTesting.crossbrowserDemo" name="LaunchApp" time="16.628"/>
  <testcase classname="CrossBrowsingTesting.crossbrowserDemo" name="LaunchApp" time="76.719"/>
  <testcase classname="CrossBrowsingTesting.crossbrowserDemo" name="LaunchApp" time="21.554"/>
</testsuite> <!-- CrossBrowsingTesting.crossbrowserDemo -->
