<?xml version="1.0" encoding="UTF-8"?>
<!-- Generated by org.testng.reporters.JUnitReportReporter -->
<testsuite hostname="DESKTOP-ECUBRGD" failures="0" tests="1" name="Handle_MultipleWindows.Handle1" time="35.106" errors="0" timestamp="16 Aug 2020 07:59:26 GMT">
  <testcase classname="Handle_MultipleWindows.Handle1" name="testException1" time="35.106"/>
</testsuite> <!-- Handle_MultipleWindows.Handle1 -->
