<?xml version="1.0" encoding="UTF-8"?>
<!-- Generated by org.testng.reporters.JUnitReportReporter -->
<testsuite hostname="DESKTOP-ECUBRGD" failures="0" tests="1" name="Annotataions.PriorityDemo" time="0.021" errors="0" timestamp="29 Aug 2020 08:27:12 GMT">
  <testcase classname="Annotataions.PriorityDemo" name="testcase3" time="0.021"/>
</testsuite> <!-- Annotataions.PriorityDemo -->
