<?xml version="1.0" encoding="UTF-8"?>
<!-- Generated by org.testng.reporters.JUnitReportReporter -->
<testsuite hostname="DESKTOP-ECUBRGD" failures="0" tests="1" name="DataProvider.DataProvider_Demo1" time="18.756" errors="0" timestamp="16 Sep 2020 10:42:35 GMT">
  <testcase classname="DataProvider.DataProvider_Demo1" name="disableEleTest" time="18.756"/>
</testsuite> <!-- DataProvider.DataProvider_Demo1 -->
