<?xml version="1.0" encoding="UTF-8"?>
<!-- Generated by org.testng.reporters.JUnitReportReporter -->
<testsuite hostname="DESKTOP-ECUBRGD" failures="0" tests="2" name="DataProvider.DataProviderExample" time="17.823" errors="0" timestamp="6 Oct 2020 14:20:28 GMT">
  <testcase classname="DataProvider.DataProviderExample" name="disableEleTest" time="6.420"/>
  <testcase classname="DataProvider.DataProviderExample" name="disableEleTest" time="11.403"/>
</testsuite> <!-- DataProvider.DataProviderExample -->
