<?xml version="1.0" encoding="UTF-8"?>
<!-- Generated by org.testng.reporters.JUnitReportReporter -->
<testsuite hostname="DESKTOP-ECUBRGD" failures="0" tests="1" name="Parameter.parameter_Demo1" time="12.595" errors="0" timestamp="20 Aug 2020 13:04:24 GMT">
  <testcase classname="Parameter.parameter_Demo1" name="login" time="12.595"/>
</testsuite> <!-- Parameter.parameter_Demo1 -->
