<?xml version="1.0" encoding="UTF-8"?>
<!-- Generated by org.testng.reporters.JUnitReportReporter -->
<testsuite hostname="DESKTOP-ECUBRGD" failures="0" tests="3" name="PrallelDemos.parallelDemoTest5" time="0.119" errors="0" timestamp="13 Aug 2020 07:57:04 GMT">
  <testcase classname="PrallelDemos.parallelDemoTest5" name="testcase1" time="0.058"/>
  <testcase classname="PrallelDemos.parallelDemoTest5" name="testcase1" time="0.005"/>
  <testcase classname="PrallelDemos.parallelDemoTest5" name="testcase1" time="0.056"/>
</testsuite> <!-- PrallelDemos.parallelDemoTest5 -->
