<?xml version="1.0" encoding="UTF-8"?>
<!-- Generated by org.testng.reporters.JUnitReportReporter -->
<testsuite hostname="DESKTOP-ECUBRGD" failures="0" tests="1" name="IRetryAnalyzer_Demo.Demo2" time="0.015" errors="0" timestamp="7 Sep 2020 10:39:14 GMT">
  <testcase classname="IRetryAnalyzer_Demo.Demo2" name="testHRMS2" time="0.015"/>
</testsuite> <!-- IRetryAnalyzer_Demo.Demo2 -->
