<?xml version="1.0" encoding="UTF-8"?>
<!-- Generated by org.testng.reporters.JUnitReportReporter -->
<testsuite hostname="DESKTOP-ECUBRGD" failures="0" tests="3" name="Annotataions.dependsOnMethods_Demo" time="0.033" errors="0" timestamp="21 Aug 2020 05:55:42 GMT">
  <testcase classname="Annotataions.dependsOnMethods_Demo" name="testcase1" time="0.025"/>
  <testcase classname="Annotataions.dependsOnMethods_Demo" name="testcase2" time="0.005"/>
  <testcase classname="Annotataions.dependsOnMethods_Demo" name="testcase3" time="0.003"/>
</testsuite> <!-- Annotataions.dependsOnMethods_Demo -->
