<?xml version="1.0" encoding="UTF-8"?>
<!-- Generated by org.testng.reporters.JUnitReportReporter -->
<testsuite hostname="DESKTOP-ECUBRGD" failures="0" tests="2" name="PrallelDemos.parallelDemoTest3" time="0.048" errors="0" timestamp="29 Aug 2020 09:22:31 GMT">
  <testcase classname="PrallelDemos.parallelDemoTest3" name="testcasec1" time="0.022"/>
  <testcase classname="PrallelDemos.parallelDemoTest3" name="testcasec" time="0.026"/>
</testsuite> <!-- PrallelDemos.parallelDemoTest3 -->
