<?xml version="1.0" encoding="UTF-8"?>
<!-- Generated by org.testng.reporters.JUnitReportReporter -->
<testsuite hostname="DESKTOP-ECUBRGD" failures="0" tests="1" name="IRetryAnalyzer_Demo.MyFirstTestCase" time="16.360" errors="0" timestamp="7 Sep 2020 12:01:23 GMT">
  <testcase classname="IRetryAnalyzer_Demo.MyFirstTestCase" name="GoogleTitleVerify" time="16.360"/>
</testsuite> <!-- IRetryAnalyzer_Demo.MyFirstTestCase -->
