<?xml version="1.0" encoding="UTF-8"?>
<!-- Generated by org.testng.reporters.JUnitReportReporter -->
<testsuite hostname="DESKTOP-ECUBRGD" failures="0" tests="1" name="IRetryAnalyzer_Demo.Demo1" time="0.003" errors="0" timestamp="7 Sep 2020 09:45:46 GMT">
  <testcase classname="IRetryAnalyzer_Demo.Demo1" name="testHRMS1" time="0.003"/>
</testsuite> <!-- IRetryAnalyzer_Demo.Demo1 -->
