<?xml version="1.0" encoding="UTF-8"?>
<!-- Generated by org.testng.reporters.JUnitReportReporter -->
<testsuite hostname="DESKTOP-ECUBRGD" failures="0" tests="5" name="Annotataions.testngTest" time="0.014" errors="0" timestamp="10 Aug 2020 13:24:42 GMT">
  <testcase classname="Annotataions.testngTest" name="test" time="0.003"/>
  <testcase classname="Annotataions.testngTest" name="test" time="0.002"/>
  <testcase classname="Annotataions.testngTest" name="test" time="0.002"/>
  <testcase classname="Annotataions.testngTest" name="test" time="0.003"/>
  <testcase classname="Annotataions.testngTest" name="test" time="0.004"/>
</testsuite> <!-- Annotataions.testngTest -->
