<?xml version="1.0" encoding="UTF-8"?>
<!-- Generated by org.testng.reporters.JUnitReportReporter -->
<testsuite hostname="DESKTOP-ECUBRGD" failures="0" tests="2" name="PrallelDemos.parallelDemoTest4" time="0.025" errors="0" timestamp="29 Aug 2020 09:47:41 GMT">
  <testcase classname="PrallelDemos.parallelDemoTest4" name="testcase1" time="0.021"/>
  <testcase classname="PrallelDemos.parallelDemoTest4" name="testcase2" time="0.004"/>
</testsuite> <!-- PrallelDemos.parallelDemoTest4 -->
