<?xml version="1.0" encoding="UTF-8"?>
<!-- Generated by org.testng.reporters.JUnitReportReporter -->
<testsuite hostname="DESKTOP-ECUBRGD" failures="0" tests="2" name="Annotataions.AllAnnotation" time="0.047" errors="0" timestamp="21 Aug 2020 05:38:33 GMT">
  <testcase classname="Annotataions.AllAnnotation" name="testcase2" time="0.009"/>
  <testcase classname="Annotataions.AllAnnotation" name="testcase1" time="0.038"/>
</testsuite> <!-- Annotataions.AllAnnotation -->
