<?xml version="1.0" encoding="UTF-8"?>
<!-- Generated by org.testng.reporters.JUnitReportReporter -->
<testsuite hostname="DESKTOP-ECUBRGD" failures="0" tests="1" name="Handle_MultipleWindows.Handle2" time="22.579" errors="0" timestamp="25 Aug 2020 10:54:29 GMT">
  <testcase classname="Handle_MultipleWindows.Handle2" name="testException1" time="22.579"/>
</testsuite> <!-- Handle_MultipleWindows.Handle2 -->
